2025-04-08T00:05:55.251-03:00  INFO 24128 --- [logistica API] [main] i.g.p.l.a.i.c.LogisticaControllerTest    : Starting LogisticaControllerTest using Java 23.0.1 with PID 24128 (started by snaiter in C:\Users\snaiter\Desktop\Projetos Spring boot\logistica-estoque-service)
2025-04-08T00:05:55.271-03:00  INFO 24128 --- [logistica API] [main] i.g.p.l.a.i.c.LogisticaControllerTest    : The following 1 profile is active: "default"
2025-04-08T00:05:57.279-03:00  INFO 24128 --- [logistica API] [main] o.s.b.t.m.w.SpringBootMockServletContext : Initializing Spring TestDispatcherServlet ''
2025-04-08T00:05:57.280-03:00  INFO 24128 --- [logistica API] [main] o.s.t.web.servlet.TestDispatcherServlet  : Initializing Servlet ''
2025-04-08T00:05:57.281-03:00  INFO 24128 --- [logistica API] [main] o.s.t.web.servlet.TestDispatcherServlet  : Completed initialization in 1 ms
2025-04-08T00:05:57.306-03:00  INFO 24128 --- [logistica API] [main] i.g.p.l.a.i.c.LogisticaControllerTest    : Started LogisticaControllerTest in 2.415 seconds (process running for 3.619)
2025-04-08T00:05:57.940-03:00  INFO 24128 --- [logistica API] [main] i.g.p.l.a.i.c.LogisticaControllerTest    : JSON de resposta: CadastroExtratoBebidasResposta[extratoBebidaDto=ExtratoBebidaDto[idExterno=null, dataRegistroExtrato=2025-04-08T00:05:57.940579200, secoesHistorico=[SecaoHistoricoDto[localizacao=A1, capacidadeArmazenamentoAlcool=400, capacidadeArmazenamentoNaoAlcool=500, bebidas=[BebidaHistoricoDto[categoriaBebida=Cerveja, dataEntrada=null, dataSaida=null, marca=null, tipoBebida=ALCOOLICA, precoCompra=null, precoMedio=null, precoVenda=null, litragem=2.0, disponivelVenda=null, dataValidade=null]]]]]]
2025-04-08T00:05:58.112-03:00  INFO 24128 --- [logistica API] [main] t.c.s.AnnotationConfigContextLoaderUtils : Could not detect default configuration classes for test class [io.git.portal.logistica.application.service.ExtratoBebidaServiceImplTest]: ExtratoBebidaServiceImplTest does not declare any static, non-private, non-final, nested classes annotated with @Configuration.
2025-04-08T00:05:58.130-03:00  INFO 24128 --- [logistica API] [main] .b.t.c.SpringBootTestContextBootstrapper : Found @SpringBootConfiguration io.git.portal.logistica.LogisticaApplication for test class io.git.portal.logistica.application.service.ExtratoBebidaServiceImplTest
2025-04-08T00:05:58.134-03:00  INFO 24128 --- [logistica API] [main] o.s.b.d.r.RestartApplicationListener     : Restart disabled due to context in which it is running
2025-04-08T00:05:58.154-03:00  INFO 24128 --- [logistica API] [main] i.g.p.l.a.s.ExtratoBebidaServiceImplTest : Starting ExtratoBebidaServiceImplTest using Java 23.0.1 with PID 24128 (started by snaiter in C:\Users\snaiter\Desktop\Projetos Spring boot\logistica-estoque-service)
2025-04-08T00:05:58.154-03:00  INFO 24128 --- [logistica API] [main] i.g.p.l.a.s.ExtratoBebidaServiceImplTest : The following 1 profile is active: "default"
2025-04-08T00:05:59.007-03:00  INFO 24128 --- [logistica API] [main] .s.d.r.c.RepositoryConfigurationDelegate : Bootstrapping Spring Data JPA repositories in DEFAULT mode.
2025-04-08T00:05:59.034-03:00  INFO 24128 --- [logistica API] [main] .s.d.r.c.RepositoryConfigurationDelegate : Finished Spring Data repository scanning in 21 ms. Found 3 JPA repository interfaces.
2025-04-08T00:05:59.837-03:00  INFO 24128 --- [logistica API] [main] com.zaxxer.hikari.HikariDataSource       : HikariPool-1 - Starting...
2025-04-08T00:06:00.160-03:00  INFO 24128 --- [logistica API] [main] com.zaxxer.hikari.pool.HikariPool        : HikariPool-1 - Added connection com.mysql.cj.jdbc.ConnectionImpl@30bfdcc5
2025-04-08T00:06:00.161-03:00  INFO 24128 --- [logistica API] [main] com.zaxxer.hikari.HikariDataSource       : HikariPool-1 - Start completed.
2025-04-08T00:06:00.223-03:00  INFO 24128 --- [logistica API] [main] org.flywaydb.core.FlywayExecutor         : Database: jdbc:mysql://localhost:3306/logistica (MySQL 9.2)
2025-04-08T00:06:00.261-03:00  WARN 24128 --- [logistica API] [main] o.f.c.internal.database.base.Database    : Flyway upgrade recommended: MySQL 9.2 is newer than this version of Flyway and support has not been tested. The latest supported version of MySQL is 8.1.
2025-04-08T00:06:00.309-03:00  INFO 24128 --- [logistica API] [main] o.f.core.internal.command.DbValidate     : Successfully validated 10 migrations (execution time 00:00.034s)
2025-04-08T00:06:00.325-03:00  INFO 24128 --- [logistica API] [main] o.f.core.internal.command.DbMigrate      : Current version of schema `logistica`: 10
2025-04-08T00:06:00.329-03:00  INFO 24128 --- [logistica API] [main] o.f.core.internal.command.DbMigrate      : Schema `logistica` is up to date. No migration necessary.
2025-04-08T00:06:00.445-03:00  INFO 24128 --- [logistica API] [main] o.hibernate.jpa.internal.util.LogHelper  : HHH000204: Processing PersistenceUnitInfo [name: default]
2025-04-08T00:06:00.507-03:00  INFO 24128 --- [logistica API] [main] org.hibernate.Version                    : HHH000412: Hibernate ORM core version 6.5.3.Final
2025-04-08T00:06:00.548-03:00  INFO 24128 --- [logistica API] [main] o.h.c.internal.RegionFactoryInitiator    : HHH000026: Second-level cache disabled
2025-04-08T00:06:00.683-03:00  INFO 24128 --- [logistica API] [main] o.s.o.j.p.SpringPersistenceUnitInfo      : No LoadTimeWeaver setup: ignoring JPA class transformer
2025-04-08T00:06:00.750-03:00  WARN 24128 --- [logistica API] [main] org.hibernate.orm.deprecation            : HHH90000025: MySQLDialect does not need to be specified explicitly using 'hibernate.dialect' (remove the property setting and it will be selected by default)
2025-04-08T00:06:01.488-03:00  INFO 24128 --- [logistica API] [main] o.h.e.t.j.p.i.JtaPlatformInitiator       : HHH000489: No JTA platform available (set 'hibernate.transaction.jta.platform' to enable JTA platform integration)
2025-04-08T00:06:01.562-03:00  INFO 24128 --- [logistica API] [main] j.LocalContainerEntityManagerFactoryBean : Initialized JPA EntityManagerFactory for persistence unit 'default'
2025-04-08T00:06:01.774-03:00  INFO 24128 --- [logistica API] [main] o.s.d.j.r.query.QueryEnhancerFactory     : Hibernate is in classpath; If applicable, HQL parser will be used.
2025-04-08T00:06:02.535-03:00  WARN 24128 --- [logistica API] [main] JpaBaseConfiguration$JpaWebConfiguration : spring.jpa.open-in-view is enabled by default. Therefore, database queries may be performed during view rendering. Explicitly configure spring.jpa.open-in-view to disable this warning
2025-04-08T00:06:02.747-03:00  INFO 24128 --- [logistica API] [main] i.g.p.l.a.s.ExtratoBebidaServiceImplTest : Started ExtratoBebidaServiceImplTest in 4.613 seconds (process running for 9.061)
2025-04-08T00:06:02.969-03:00  INFO 24128 --- [logistica API] [main] t.c.s.AnnotationConfigContextLoaderUtils : Could not detect default configuration classes for test class [io.git.portal.logistica.application.service.LogisticaServiceImplTest]: LogisticaServiceImplTest does not declare any static, non-private, non-final, nested classes annotated with @Configuration.
2025-04-08T00:06:02.973-03:00  INFO 24128 --- [logistica API] [main] .b.t.c.SpringBootTestContextBootstrapper : Found @SpringBootConfiguration io.git.portal.logistica.LogisticaApplication for test class io.git.portal.logistica.application.service.LogisticaServiceImplTest
2025-04-08T00:06:02.977-03:00  INFO 24128 --- [logistica API] [main] o.s.b.d.r.RestartApplicationListener     : Restart disabled due to context in which it is running
2025-04-08T00:06:03.010-03:00  INFO 24128 --- [logistica API] [main] i.g.p.l.a.s.LogisticaServiceImplTest     : Starting LogisticaServiceImplTest using Java 23.0.1 with PID 24128 (started by snaiter in C:\Users\snaiter\Desktop\Projetos Spring boot\logistica-estoque-service)
2025-04-08T00:06:03.010-03:00  INFO 24128 --- [logistica API] [main] i.g.p.l.a.s.LogisticaServiceImplTest     : The following 1 profile is active: "default"
2025-04-08T00:06:03.218-03:00  INFO 24128 --- [logistica API] [main] .s.d.r.c.RepositoryConfigurationDelegate : Bootstrapping Spring Data JPA repositories in DEFAULT mode.
2025-04-08T00:06:03.226-03:00  INFO 24128 --- [logistica API] [main] .s.d.r.c.RepositoryConfigurationDelegate : Finished Spring Data repository scanning in 7 ms. Found 3 JPA repository interfaces.
2025-04-08T00:06:03.426-03:00  INFO 24128 --- [logistica API] [main] com.zaxxer.hikari.HikariDataSource       : HikariPool-2 - Starting...
2025-04-08T00:06:03.445-03:00  INFO 24128 --- [logistica API] [main] com.zaxxer.hikari.pool.HikariPool        : HikariPool-2 - Added connection com.mysql.cj.jdbc.ConnectionImpl@3dee7142
2025-04-08T00:06:03.446-03:00  INFO 24128 --- [logistica API] [main] com.zaxxer.hikari.HikariDataSource       : HikariPool-2 - Start completed.
2025-04-08T00:06:03.453-03:00  INFO 24128 --- [logistica API] [main] org.flywaydb.core.FlywayExecutor         : Database: jdbc:mysql://localhost:3306/logistica (MySQL 9.2)
2025-04-08T00:06:03.461-03:00  WARN 24128 --- [logistica API] [main] o.f.c.internal.database.base.Database    : Flyway upgrade recommended: MySQL 9.2 is newer than this version of Flyway and support has not been tested. The latest supported version of MySQL is 8.1.
2025-04-08T00:06:03.476-03:00  INFO 24128 --- [logistica API] [main] o.f.core.internal.command.DbValidate     : Successfully validated 10 migrations (execution time 00:00.013s)
2025-04-08T00:06:03.486-03:00  INFO 24128 --- [logistica API] [main] o.f.core.internal.command.DbMigrate      : Current version of schema `logistica`: 10
2025-04-08T00:06:03.487-03:00  INFO 24128 --- [logistica API] [main] o.f.core.internal.command.DbMigrate      : Schema `logistica` is up to date. No migration necessary.
2025-04-08T00:06:03.523-03:00  INFO 24128 --- [logistica API] [main] o.hibernate.jpa.internal.util.LogHelper  : HHH000204: Processing PersistenceUnitInfo [name: default]
2025-04-08T00:06:03.527-03:00  INFO 24128 --- [logistica API] [main] o.h.c.internal.RegionFactoryInitiator    : HHH000026: Second-level cache disabled
2025-04-08T00:06:03.535-03:00  INFO 24128 --- [logistica API] [main] o.s.o.j.p.SpringPersistenceUnitInfo      : No LoadTimeWeaver setup: ignoring JPA class transformer
2025-04-08T00:06:03.540-03:00  WARN 24128 --- [logistica API] [main] org.hibernate.orm.deprecation            : HHH90000025: MySQLDialect does not need to be specified explicitly using 'hibernate.dialect' (remove the property setting and it will be selected by default)
2025-04-08T00:06:03.674-03:00  INFO 24128 --- [logistica API] [main] o.h.e.t.j.p.i.JtaPlatformInitiator       : HHH000489: No JTA platform available (set 'hibernate.transaction.jta.platform' to enable JTA platform integration)
2025-04-08T00:06:03.711-03:00  INFO 24128 --- [logistica API] [main] j.LocalContainerEntityManagerFactoryBean : Initialized JPA EntityManagerFactory for persistence unit 'default'
2025-04-08T00:06:03.933-03:00  WARN 24128 --- [logistica API] [main] JpaBaseConfiguration$JpaWebConfiguration : spring.jpa.open-in-view is enabled by default. Therefore, database queries may be performed during view rendering. Explicitly configure spring.jpa.open-in-view to disable this warning
2025-04-08T00:06:04.150-03:00  INFO 24128 --- [logistica API] [main] i.g.p.l.a.s.LogisticaServiceImplTest     : Started LogisticaServiceImplTest in 1.174 seconds (process running for 10.464)
2025-04-08T00:06:04.461-03:00  INFO 24128 --- [logistica API] [SpringApplicationShutdownHook] j.LocalContainerEntityManagerFactoryBean : Closing JPA EntityManagerFactory for persistence unit 'default'
2025-04-08T00:06:04.464-03:00  INFO 24128 --- [logistica API] [SpringApplicationShutdownHook] com.zaxxer.hikari.HikariDataSource       : HikariPool-1 - Shutdown initiated...
2025-04-08T00:06:04.478-03:00  INFO 24128 --- [logistica API] [SpringApplicationShutdownHook] com.zaxxer.hikari.HikariDataSource       : HikariPool-1 - Shutdown completed.
2025-04-08T00:06:04.480-03:00  INFO 24128 --- [logistica API] [SpringApplicationShutdownHook] j.LocalContainerEntityManagerFactoryBean : Closing JPA EntityManagerFactory for persistence unit 'default'
2025-04-08T00:06:04.480-03:00  INFO 24128 --- [logistica API] [SpringApplicationShutdownHook] com.zaxxer.hikari.HikariDataSource       : HikariPool-2 - Shutdown initiated...
2025-04-08T00:06:04.490-03:00  INFO 24128 --- [logistica API] [SpringApplicationShutdownHook] com.zaxxer.hikari.HikariDataSource       : HikariPool-2 - Shutdown completed.
2025-04-08T00:07:39.699-03:00  INFO 16140 --- [logistica API] [main] i.g.p.l.a.i.c.LogisticaControllerTest    : Starting LogisticaControllerTest using Java 23.0.1 with PID 16140 (started by snaiter in C:\Users\snaiter\Desktop\Projetos Spring boot\logistica-estoque-service)
2025-04-08T00:07:39.701-03:00  INFO 16140 --- [logistica API] [main] i.g.p.l.a.i.c.LogisticaControllerTest    : The following 1 profile is active: "default"
2025-04-08T00:07:41.672-03:00  INFO 16140 --- [logistica API] [main] o.s.b.t.m.w.SpringBootMockServletContext : Initializing Spring TestDispatcherServlet ''
2025-04-08T00:07:41.672-03:00  INFO 16140 --- [logistica API] [main] o.s.t.web.servlet.TestDispatcherServlet  : Initializing Servlet ''
2025-04-08T00:07:41.673-03:00  INFO 16140 --- [logistica API] [main] o.s.t.web.servlet.TestDispatcherServlet  : Completed initialization in 1 ms
2025-04-08T00:07:41.694-03:00  INFO 16140 --- [logistica API] [main] i.g.p.l.a.i.c.LogisticaControllerTest    : Started LogisticaControllerTest in 2.357 seconds (process running for 3.326)
2025-04-08T00:07:42.003-03:00  INFO 16140 --- [logistica API] [main] i.g.p.l.a.i.c.LogisticaControllerTest    : JSON de resposta: CadastroExtratoBebidasResposta[extratoBebidaDto=ExtratoBebidaDto[idExterno=null, tipoExtrato=null, dataRegistroExtrato=2025-04-08T00:07:42.003254900, secoesHistorico=[SecaoHistoricoDto[localizacao=A1, capacidadeArmazenamentoAlcool=400, capacidadeArmazenamentoNaoAlcool=500, bebidas=[BebidaHistoricoDto[categoriaBebida=Cerveja, dataEntrada=null, dataSaida=null, marca=null, tipoBebida=ALCOOLICA, precoCompra=null, precoMedio=null, precoVenda=null, litragem=2.0, disponivelVenda=null, dataValidade=null]]]]]]
2025-04-08T00:07:42.183-03:00  INFO 16140 --- [logistica API] [main] t.c.s.AnnotationConfigContextLoaderUtils : Could not detect default configuration classes for test class [io.git.portal.logistica.application.service.ExtratoBebidaServiceImplTest]: ExtratoBebidaServiceImplTest does not declare any static, non-private, non-final, nested classes annotated with @Configuration.
2025-04-08T00:07:42.201-03:00  INFO 16140 --- [logistica API] [main] .b.t.c.SpringBootTestContextBootstrapper : Found @SpringBootConfiguration io.git.portal.logistica.LogisticaApplication for test class io.git.portal.logistica.application.service.ExtratoBebidaServiceImplTest
2025-04-08T00:07:42.205-03:00  INFO 16140 --- [logistica API] [main] o.s.b.d.r.RestartApplicationListener     : Restart disabled due to context in which it is running
2025-04-08T00:07:42.226-03:00  INFO 16140 --- [logistica API] [main] i.g.p.l.a.s.ExtratoBebidaServiceImplTest : Starting ExtratoBebidaServiceImplTest using Java 23.0.1 with PID 16140 (started by snaiter in C:\Users\snaiter\Desktop\Projetos Spring boot\logistica-estoque-service)
2025-04-08T00:07:42.226-03:00  INFO 16140 --- [logistica API] [main] i.g.p.l.a.s.ExtratoBebidaServiceImplTest : The following 1 profile is active: "default"
2025-04-08T00:07:42.445-03:00  INFO 16140 --- [logistica API] [main] .s.d.r.c.RepositoryConfigurationDelegate : Bootstrapping Spring Data JPA repositories in DEFAULT mode.
2025-04-08T00:07:42.472-03:00  INFO 16140 --- [logistica API] [main] .s.d.r.c.RepositoryConfigurationDelegate : Finished Spring Data repository scanning in 22 ms. Found 3 JPA repository interfaces.
2025-04-08T00:07:43.132-03:00  INFO 16140 --- [logistica API] [main] com.zaxxer.hikari.HikariDataSource       : HikariPool-1 - Starting...
2025-04-08T00:07:43.455-03:00  INFO 16140 --- [logistica API] [main] com.zaxxer.hikari.pool.HikariPool        : HikariPool-1 - Added connection com.mysql.cj.jdbc.ConnectionImpl@30259c61
2025-04-08T00:07:43.456-03:00  INFO 16140 --- [logistica API] [main] com.zaxxer.hikari.HikariDataSource       : HikariPool-1 - Start completed.
2025-04-08T00:07:43.511-03:00  INFO 16140 --- [logistica API] [main] org.flywaydb.core.FlywayExecutor         : Database: jdbc:mysql://localhost:3306/logistica (MySQL 9.2)
2025-04-08T00:07:43.550-03:00  WARN 16140 --- [logistica API] [main] o.f.c.internal.database.base.Database    : Flyway upgrade recommended: MySQL 9.2 is newer than this version of Flyway and support has not been tested. The latest supported version of MySQL is 8.1.
2025-04-08T00:07:43.595-03:00  INFO 16140 --- [logistica API] [main] o.f.core.internal.command.DbValidate     : Successfully validated 10 migrations (execution time 00:00.036s)
2025-04-08T00:07:43.610-03:00  INFO 16140 --- [logistica API] [main] o.f.core.internal.command.DbMigrate      : Current version of schema `logistica`: 10
2025-04-08T00:07:43.612-03:00  INFO 16140 --- [logistica API] [main] o.f.core.internal.command.DbMigrate      : Schema `logistica` is up to date. No migration necessary.
2025-04-08T00:07:43.726-03:00  INFO 16140 --- [logistica API] [main] o.hibernate.jpa.internal.util.LogHelper  : HHH000204: Processing PersistenceUnitInfo [name: default]
2025-04-08T00:07:43.789-03:00  INFO 16140 --- [logistica API] [main] org.hibernate.Version                    : HHH000412: Hibernate ORM core version 6.5.3.Final
2025-04-08T00:07:43.829-03:00  INFO 16140 --- [logistica API] [main] o.h.c.internal.RegionFactoryInitiator    : HHH000026: Second-level cache disabled
2025-04-08T00:07:43.977-03:00  INFO 16140 --- [logistica API] [main] o.s.o.j.p.SpringPersistenceUnitInfo      : No LoadTimeWeaver setup: ignoring JPA class transformer
2025-04-08T00:07:44.035-03:00  WARN 16140 --- [logistica API] [main] org.hibernate.orm.deprecation            : HHH90000025: MySQLDialect does not need to be specified explicitly using 'hibernate.dialect' (remove the property setting and it will be selected by default)
2025-04-08T00:07:44.804-03:00  INFO 16140 --- [logistica API] [main] o.h.e.t.j.p.i.JtaPlatformInitiator       : HHH000489: No JTA platform available (set 'hibernate.transaction.jta.platform' to enable JTA platform integration)
2025-04-08T00:07:44.879-03:00  INFO 16140 --- [logistica API] [main] j.LocalContainerEntityManagerFactoryBean : Initialized JPA EntityManagerFactory for persistence unit 'default'
2025-04-08T00:07:45.063-03:00  INFO 16140 --- [logistica API] [main] o.s.d.j.r.query.QueryEnhancerFactory     : Hibernate is in classpath; If applicable, HQL parser will be used.
2025-04-08T00:07:45.880-03:00  WARN 16140 --- [logistica API] [main] JpaBaseConfiguration$JpaWebConfiguration : spring.jpa.open-in-view is enabled by default. Therefore, database queries may be performed during view rendering. Explicitly configure spring.jpa.open-in-view to disable this warning
2025-04-08T00:07:46.104-03:00  INFO 16140 --- [logistica API] [main] i.g.p.l.a.s.ExtratoBebidaServiceImplTest : Started ExtratoBebidaServiceImplTest in 3.899 seconds (process running for 7.735)
2025-04-08T00:07:46.336-03:00  INFO 16140 --- [logistica API] [main] t.c.s.AnnotationConfigContextLoaderUtils : Could not detect default configuration classes for test class [io.git.portal.logistica.application.service.LogisticaServiceImplTest]: LogisticaServiceImplTest does not declare any static, non-private, non-final, nested classes annotated with @Configuration.
2025-04-08T00:07:46.341-03:00  INFO 16140 --- [logistica API] [main] .b.t.c.SpringBootTestContextBootstrapper : Found @SpringBootConfiguration io.git.portal.logistica.LogisticaApplication for test class io.git.portal.logistica.application.service.LogisticaServiceImplTest
2025-04-08T00:07:46.345-03:00  INFO 16140 --- [logistica API] [main] o.s.b.d.r.RestartApplicationListener     : Restart disabled due to context in which it is running
2025-04-08T00:07:46.381-03:00  INFO 16140 --- [logistica API] [main] i.g.p.l.a.s.LogisticaServiceImplTest     : Starting LogisticaServiceImplTest using Java 23.0.1 with PID 16140 (started by snaiter in C:\Users\snaiter\Desktop\Projetos Spring boot\logistica-estoque-service)
2025-04-08T00:07:46.381-03:00  INFO 16140 --- [logistica API] [main] i.g.p.l.a.s.LogisticaServiceImplTest     : The following 1 profile is active: "default"
2025-04-08T00:07:46.585-03:00  INFO 16140 --- [logistica API] [main] .s.d.r.c.RepositoryConfigurationDelegate : Bootstrapping Spring Data JPA repositories in DEFAULT mode.
2025-04-08T00:07:46.594-03:00  INFO 16140 --- [logistica API] [main] .s.d.r.c.RepositoryConfigurationDelegate : Finished Spring Data repository scanning in 8 ms. Found 3 JPA repository interfaces.
2025-04-08T00:07:46.804-03:00  INFO 16140 --- [logistica API] [main] com.zaxxer.hikari.HikariDataSource       : HikariPool-2 - Starting...
2025-04-08T00:07:46.823-03:00  INFO 16140 --- [logistica API] [main] com.zaxxer.hikari.pool.HikariPool        : HikariPool-2 - Added connection com.mysql.cj.jdbc.ConnectionImpl@35ca1e22
2025-04-08T00:07:46.824-03:00  INFO 16140 --- [logistica API] [main] com.zaxxer.hikari.HikariDataSource       : HikariPool-2 - Start completed.
2025-04-08T00:07:46.832-03:00  INFO 16140 --- [logistica API] [main] org.flywaydb.core.FlywayExecutor         : Database: jdbc:mysql://localhost:3306/logistica (MySQL 9.2)
2025-04-08T00:07:46.840-03:00  WARN 16140 --- [logistica API] [main] o.f.c.internal.database.base.Database    : Flyway upgrade recommended: MySQL 9.2 is newer than this version of Flyway and support has not been tested. The latest supported version of MySQL is 8.1.
2025-04-08T00:07:46.855-03:00  INFO 16140 --- [logistica API] [main] o.f.core.internal.command.DbValidate     : Successfully validated 10 migrations (execution time 00:00.012s)
2025-04-08T00:07:46.866-03:00  INFO 16140 --- [logistica API] [main] o.f.core.internal.command.DbMigrate      : Current version of schema `logistica`: 10
2025-04-08T00:07:46.867-03:00  INFO 16140 --- [logistica API] [main] o.f.core.internal.command.DbMigrate      : Schema `logistica` is up to date. No migration necessary.
2025-04-08T00:07:46.902-03:00  INFO 16140 --- [logistica API] [main] o.hibernate.jpa.internal.util.LogHelper  : HHH000204: Processing PersistenceUnitInfo [name: default]
2025-04-08T00:07:46.906-03:00  INFO 16140 --- [logistica API] [main] o.h.c.internal.RegionFactoryInitiator    : HHH000026: Second-level cache disabled
2025-04-08T00:07:46.916-03:00  INFO 16140 --- [logistica API] [main] o.s.o.j.p.SpringPersistenceUnitInfo      : No LoadTimeWeaver setup: ignoring JPA class transformer
2025-04-08T00:07:46.920-03:00  WARN 16140 --- [logistica API] [main] org.hibernate.orm.deprecation            : HHH90000025: MySQLDialect does not need to be specified explicitly using 'hibernate.dialect' (remove the property setting and it will be selected by default)
2025-04-08T00:07:47.060-03:00  INFO 16140 --- [logistica API] [main] o.h.e.t.j.p.i.JtaPlatformInitiator       : HHH000489: No JTA platform available (set 'hibernate.transaction.jta.platform' to enable JTA platform integration)
2025-04-08T00:07:47.094-03:00  INFO 16140 --- [logistica API] [main] j.LocalContainerEntityManagerFactoryBean : Initialized JPA EntityManagerFactory for persistence unit 'default'
2025-04-08T00:07:47.289-03:00  WARN 16140 --- [logistica API] [main] JpaBaseConfiguration$JpaWebConfiguration : spring.jpa.open-in-view is enabled by default. Therefore, database queries may be performed during view rendering. Explicitly configure spring.jpa.open-in-view to disable this warning
2025-04-08T00:07:47.459-03:00  INFO 16140 --- [logistica API] [main] i.g.p.l.a.s.LogisticaServiceImplTest     : Started LogisticaServiceImplTest in 1.114 seconds (process running for 9.091)
2025-04-08T00:07:47.781-03:00  INFO 16140 --- [logistica API] [SpringApplicationShutdownHook] j.LocalContainerEntityManagerFactoryBean : Closing JPA EntityManagerFactory for persistence unit 'default'
2025-04-08T00:07:47.784-03:00  INFO 16140 --- [logistica API] [SpringApplicationShutdownHook] com.zaxxer.hikari.HikariDataSource       : HikariPool-1 - Shutdown initiated...
2025-04-08T00:07:47.799-03:00  INFO 16140 --- [logistica API] [SpringApplicationShutdownHook] com.zaxxer.hikari.HikariDataSource       : HikariPool-1 - Shutdown completed.
2025-04-08T00:07:47.800-03:00  INFO 16140 --- [logistica API] [SpringApplicationShutdownHook] j.LocalContainerEntityManagerFactoryBean : Closing JPA EntityManagerFactory for persistence unit 'default'
2025-04-08T00:07:47.801-03:00  INFO 16140 --- [logistica API] [SpringApplicationShutdownHook] com.zaxxer.hikari.HikariDataSource       : HikariPool-2 - Shutdown initiated...
2025-04-08T00:07:47.810-03:00  INFO 16140 --- [logistica API] [SpringApplicationShutdownHook] com.zaxxer.hikari.HikariDataSource       : HikariPool-2 - Shutdown completed.
